<?xml version="1.0" encoding="UTF-8"?>
<testsuite name="org.jacoco.examples.java.gradle.NetworkContent.GroupTest" tests="4" skipped="0" failures="0" errors="0" timestamp="2017-12-10T17:35:51" hostname="TOSH" time="0.005">
  <properties/>
  <testcase name="testGetGroupName" classname="org.jacoco.examples.java.gradle.NetworkContent.GroupTest" time="0.001"/>
  <testcase name="testSetGroupName" classname="org.jacoco.examples.java.gradle.NetworkContent.GroupTest" time="0.001"/>
  <testcase name="testSubscribe" classname="org.jacoco.examples.java.gradle.NetworkContent.GroupTest" time="0.001"/>
  <testcase name="testGetSubscribersList" classname="org.jacoco.examples.java.gradle.NetworkContent.GroupTest" time="0.001"/>
  <system-out><![CDATA[getGroupName
setGroupName
subscribe
getSubscribersList
]]></system-out>
  <system-err><![CDATA[]]></system-err>
</testsuite>
