<?xml version="1.0" encoding="UTF-8"?>
<testsuite name="org.jacoco.examples.java.gradle.NetworkContent.PersonTest" tests="16" skipped="0" failures="0" errors="0" timestamp="2017-12-10T17:35:51" hostname="TOSH" time="0.025">
  <properties/>
  <testcase name="testGetTweetsList" classname="org.jacoco.examples.java.gradle.NetworkContent.PersonTest" time="0.0"/>
  <testcase name="testGetFullName" classname="org.jacoco.examples.java.gradle.NetworkContent.PersonTest" time="0.0"/>
  <testcase name="testSetSecondName" classname="org.jacoco.examples.java.gradle.NetworkContent.PersonTest" time="0.001"/>
  <testcase name="testGetGroupsList" classname="org.jacoco.examples.java.gradle.NetworkContent.PersonTest" time="0.0"/>
  <testcase name="testPublishTweet" classname="org.jacoco.examples.java.gradle.NetworkContent.PersonTest" time="0.004"/>
  <testcase name="testSetTweetsList" classname="org.jacoco.examples.java.gradle.NetworkContent.PersonTest" time="0.001"/>
  <testcase name="testGetFriendsList" classname="org.jacoco.examples.java.gradle.NetworkContent.PersonTest" time="0.002"/>
  <testcase name="testSubscribeGroup" classname="org.jacoco.examples.java.gradle.NetworkContent.PersonTest" time="0.001"/>
  <testcase name="testSetSurname" classname="org.jacoco.examples.java.gradle.NetworkContent.PersonTest" time="0.001"/>
  <testcase name="testMakeFriends_Person" classname="org.jacoco.examples.java.gradle.NetworkContent.PersonTest" time="0.001"/>
  <testcase name="testSetGender" classname="org.jacoco.examples.java.gradle.NetworkContent.PersonTest" time="0.001"/>
  <testcase name="testGetGender" classname="org.jacoco.examples.java.gradle.NetworkContent.PersonTest" time="0.001"/>
  <testcase name="testMakeFriends_ArrayList" classname="org.jacoco.examples.java.gradle.NetworkContent.PersonTest" time="0.001"/>
  <testcase name="testGetAge" classname="org.jacoco.examples.java.gradle.NetworkContent.PersonTest" time="0.001"/>
  <testcase name="testSetName" classname="org.jacoco.examples.java.gradle.NetworkContent.PersonTest" time="0.0"/>
  <testcase name="testSetAge" classname="org.jacoco.examples.java.gradle.NetworkContent.PersonTest" time="0.0"/>
  <system-out><![CDATA[getTweetsList
getFullName
setSecondName
getGroupsList
publishTweet
setTweetsList
getFriendsList
subscribeGroup
setSurname
makeFriends
setGender
getGender
makeFriends
getAge
setName
setAge
]]></system-out>
  <system-err><![CDATA[]]></system-err>
</testsuite>
