<?xml version="1.0" encoding="UTF-8"?>
<testsuite name="org.jacoco.examples.java.gradle.Neo4jUsageTest" tests="15" skipped="0" failures="0" errors="0" timestamp="2017-12-10T17:35:29" hostname="TOSH" time="22.187">
  <properties/>
  <testcase name="testGetPeopleAverageLengthTweets" classname="org.jacoco.examples.java.gradle.Neo4jUsageTest" time="13.259"/>
  <testcase name="testGetOrderedPeopleNameList" classname="org.jacoco.examples.java.gradle.Neo4jUsageTest" time="0.591"/>
  <testcase name="testGetTweetsMoreThanLength" classname="org.jacoco.examples.java.gradle.Neo4jUsageTest" time="0.66"/>
  <testcase name="testGetOrderedPeopleGroupsCount" classname="org.jacoco.examples.java.gradle.Neo4jUsageTest" time="0.832"/>
  <testcase name="testGetOrderedGroupsOfPerson" classname="org.jacoco.examples.java.gradle.Neo4jUsageTest" time="0.469"/>
  <testcase name="testGetOrderedByAgeMaleNameAgeList" classname="org.jacoco.examples.java.gradle.Neo4jUsageTest" time="0.511"/>
  <testcase name="testGetOrderedFriendsOfFriendList" classname="org.jacoco.examples.java.gradle.Neo4jUsageTest" time="0.788"/>
  <testcase name="testGetOrderedFriendsCount" classname="org.jacoco.examples.java.gradle.Neo4jUsageTest" time="0.752"/>
  <testcase name="testGetOrderedGroups" classname="org.jacoco.examples.java.gradle.Neo4jUsageTest" time="0.401"/>
  <testcase name="testGetOrderedFriendList" classname="org.jacoco.examples.java.gradle.Neo4jUsageTest" time="0.589"/>
  <testcase name="testGetDeepFriendsGroupsCount" classname="org.jacoco.examples.java.gradle.Neo4jUsageTest" time="0.878"/>
  <testcase name="testGetPersonTweets" classname="org.jacoco.examples.java.gradle.Neo4jUsageTest" time="0.537"/>
  <testcase name="testGetDeepFriendsTweetsOfPerson" classname="org.jacoco.examples.java.gradle.Neo4jUsageTest" time="0.945"/>
  <testcase name="testGetOrderedGroupsCount" classname="org.jacoco.examples.java.gradle.Neo4jUsageTest" time="0.525"/>
  <testcase name="testGetPeopleTweetsCount" classname="org.jacoco.examples.java.gradle.Neo4jUsageTest" time="0.433"/>
  <system-out><![CDATA[getPeopleAverageLengthTweets
getOrderedPeopleNameList
getTweetsMoreThanLength
getOrderedPeopleGroupsCount
getOrderedGroupsOfPerson
getOrderedByAgeMaleNameAgeList
getOrderedFriendsOfFriendList
getOrderedFriendsCount
getOrderedGroups
getOrderedFriendList
getDeepFriendsGroupsCount
getPersonTweets
getDeepFriendsTweetsOfPerson
getOrderedGroupsCount
getPeopleTweetsCount
]]></system-out>
  <system-err><![CDATA[]]></system-err>
</testsuite>
