<?xml version="1.0" encoding="UTF-8"?>
<testsuite name="org.jacoco.examples.java.gradle.NetworkContent.SocialNetworkTest" tests="2" skipped="0" failures="0" errors="0" timestamp="2017-12-10T17:35:51" hostname="TOSH" time="0.003">
  <properties/>
  <testcase name="testGetNetworkGroups" classname="org.jacoco.examples.java.gradle.NetworkContent.SocialNetworkTest" time="0.001"/>
  <testcase name="testGetNetworkPeople" classname="org.jacoco.examples.java.gradle.NetworkContent.SocialNetworkTest" time="0.002"/>
  <system-out><![CDATA[getNetworkGroups
getNetworkPeople
]]></system-out>
  <system-err><![CDATA[]]></system-err>
</testsuite>
